<?xml version="1.0" encoding="UTF-8"?>
<!-- Generated by org.testng.reporters.JUnitReportReporter -->
<testsuite hostname="PINKI-LAPTOP" failures="0" tests="1" name="datadriventesting.movie.GetMoviesTitle" time="2.129" errors="0" timestamp="2023-06-02T14:59:36 PDT" skipped="0">
  <testcase classname="datadriventesting.movie.GetMoviesTitle" name="testMovieTitles" time="2.129"/>
  <system-out/>
</testsuite> <!-- datadriventesting.movie.GetMoviesTitle -->
