<?xml version="1.0" encoding="UTF-8"?>
<!-- Generated by org.testng.reporters.JUnitReportReporter -->
<testsuite hostname="PINKI-LAPTOP" failures="0" tests="1" name="datadriventesting.sort.APISortTest" time="21.047" errors="0" timestamp="2023-05-31T16:35:08 PDT" skipped="0">
  <testcase classname="datadriventesting.sort.APISortTest" name="sortIdsTC" time="21.047"/>
  <system-out/>
</testsuite> <!-- datadriventesting.sort.APISortTest -->
