<?xml version="1.0" encoding="UTF-8"?>
<!-- Generated by org.testng.reporters.JUnitReportReporter -->
<testsuite hostname="PINKI-LAPTOP" failures="0" tests="3" name="datadriventesting.APITest" time="64.506" errors="0" timestamp="2023-05-31T16:35:08 PDT" skipped="0">
  <testcase classname="datadriventesting.APITest" name="testAddAll" time="22.276"/>
  <system-out/>
  <testcase classname="datadriventesting.APITest" name="testAddJSONObjAsInput" time="21.060"/>
  <system-out/>
  <testcase classname="datadriventesting.APITest" name="testAddAllWithError" time="21.170"/>
  <system-out/>
</testsuite> <!-- datadriventesting.APITest -->
